# JRE version: Java(TM) SE Runtime Environment (8.0_201-b09) (build 1.8.0_201-b09)
# Java VM: Java HotSpot(TM) 64-Bit Server VM (25.201-b09 mixed mode bsd-amd64 compressed oops)
Heap:
 PSYoungGen      total 117248K, used 58462K [0x0000000795580000, 0x00000007aba80000, 0x00000007c0000000)
  eden space 116736K, 49% used [0x0000000795580000,0x0000000798e7fb70,0x000000079c780000)
  from space 512K, 18% used [0x00000007ab980000,0x00000007ab998000,0x00000007aba00000)
  to   space 512K, 0% used [0x00000007aba00000,0x00000007aba00000,0x00000007aba80000)
 ParOldGen       total 87552K, used 6275K [0x0000000740000000, 0x0000000745580000, 0x0000000795580000)
  object space 87552K, 7% used [0x0000000740000000,0x0000000740620e28,0x0000000745580000)
 Metaspace       used 14651K, capacity 14958K, committed 14976K, reserved 1062912K
  class space    used 1550K, capacity 1652K, committed 1664K, reserved 1048576K
GC Heap History (10 events):
Event: 42.280 GC heap before
{Heap before GC invocations=87 (full 0):
 PSYoungGen      total 113152K, used 112800K [0x0000000795580000, 0x00000007aba80000, 0x00000007c0000000)
  eden space 112640K, 100% used [0x0000000795580000,0x000000079c380000,0x000000079c380000)
  from space 512K, 31% used [0x00000007aba00000,0x00000007aba28000,0x00000007aba80000)
  to   space 512K, 0% used [0x00000007ab980000,0x00000007ab980000,0x00000007aba00000)
 ParOldGen       total 87552K, used 6203K [0x0000000740000000, 0x0000000745580000, 0x0000000795580000)
  object space 87552K, 7% used [0x0000000740000000,0x000000074060ee28,0x0000000745580000)
 Metaspace       used 14651K, capacity 14958K, committed 14976K, reserved 1062912K
  class space    used 1550K, capacity 1652K, committed 1664K, reserved 1048576K
Event: 42.291 GC heap after
Heap after GC invocations=87 (full 0):
 PSYoungGen      total 109056K, used 96K [0x0000000795580000, 0x00000007aba80000, 0x00000007c0000000)
  eden space 108544K, 0% used [0x0000000795580000,0x0000000795580000,0x000000079bf80000)
  from space 512K, 18% used [0x00000007ab980000,0x00000007ab998000,0x00000007aba00000)
  to   space 512K, 0% used [0x00000007aba00000,0x00000007aba00000,0x00000007aba80000)
 ParOldGen       total 87552K, used 6227K [0x0000000740000000, 0x0000000745580000, 0x0000000795580000)
  object space 87552K, 7% used [0x0000000740000000,0x0000000740614e28,0x0000000745580000)
 Metaspace       used 14651K, capacity 14958K, committed 14976K, reserved 1062912K
  class space    used 1550K, capacity 1652K, committed 1664K, reserved 1048576K
}
Event: 42.675 GC heap before
{Heap before GC invocations=88 (full 0):
 PSYoungGen      total 109056K, used 108640K [0x0000000795580000, 0x00000007aba80000, 0x00000007c0000000)
  eden space 108544K, 100% used [0x0000000795580000,0x000000079bf80000,0x000000079bf80000)
  from space 512K, 18% used [0x00000007ab980000,0x00000007ab998000,0x00000007aba00000)
  to   space 512K, 0% used [0x00000007aba00000,0x00000007aba00000,0x00000007aba80000)
 ParOldGen       total 87552K, used 6227K [0x0000000740000000, 0x0000000745580000, 0x0000000795580000)
  object space 87552K, 7% used [0x0000000740000000,0x0000000740614e28,0x0000000745580000)
 Metaspace       used 14651K, capacity 14958K, committed 14976K, reserved 1062912K
  class space    used 1550K, capacity 1652K, committed 1664K, reserved 1048576K
Event: 42.676 GC heap after
Heap after GC invocations=88 (full 0):
 PSYoungGen      total 104960K, used 128K [0x0000000795580000, 0x00000007aba80000, 0x00000007c0000000)
  eden space 104448K, 0% used [0x0000000795580000,0x0000000795580000,0x000000079bb80000)
  from space 512K, 25% used [0x00000007aba00000,0x00000007aba20000,0x00000007aba80000)
  to   space 512K, 0% used [0x00000007ab980000,0x00000007ab980000,0x00000007aba00000)
 ParOldGen       total 87552K, used 6243K [0x0000000740000000, 0x0000000745580000, 0x0000000795580000)
  object space 87552K, 7% used [0x0000000740000000,0x0000000740618e28,0x0000000745580000)
 Metaspace       used 14651K, capacity 14958K, committed 14976K, reserved 1062912K
  class space    used 1550K, capacity 1652K, committed 1664K, reserved 1048576K
}
Event: 43.064 GC heap before
{Heap before GC invocations=89 (full 0):
 PSYoungGen      total 104960K, used 104576K [0x0000000795580000, 0x00000007aba80000, 0x00000007c0000000)
  eden space 104448K, 100% used [0x0000000795580000,0x000000079bb80000,0x000000079bb80000)
  from space 512K, 25% used [0x00000007aba00000,0x00000007aba20000,0x00000007aba80000)
  to   space 512K, 0% used [0x00000007ab980000,0x00000007ab980000,0x00000007aba00000)
 ParOldGen       total 87552K, used 6243K [0x0000000740000000, 0x0000000745580000, 0x0000000795580000)
  object space 87552K, 7% used [0x0000000740000000,0x0000000740618e28,0x0000000745580000)
 Metaspace       used 14651K, capacity 14958K, committed 14976K, reserved 1062912K
  class space    used 1550K, capacity 1652K, committed 1664K, reserved 1048576K
Event: 43.065 GC heap after
Heap after GC invocations=89 (full 0):
 PSYoungGen      total 101376K, used 128K [0x0000000795580000, 0x00000007aba80000, 0x00000007c0000000)
  eden space 100864K, 0% used [0x0000000795580000,0x0000000795580000,0x000000079b800000)
  from space 512K, 25% used [0x00000007ab980000,0x00000007ab9a0000,0x00000007aba00000)
  to   space 512K, 0% used [0x00000007aba00000,0x00000007aba00000,0x00000007aba80000)
 ParOldGen       total 87552K, used 6259K [0x0000000740000000, 0x0000000745580000, 0x0000000795580000)
  object space 87552K, 7% used [0x0000000740000000,0x000000074061ce28,0x0000000745580000)
 Metaspace       used 14651K, capacity 14958K, committed 14976K, reserved 1062912K
  class space    used 1550K, capacity 1652K, committed 1664K, reserved 1048576K
}
Event: 43.428 GC heap before
{Heap before GC invocations=90 (full 0):
 PSYoungGen      total 101376K, used 100992K [0x0000000795580000, 0x00000007aba80000, 0x00000007c0000000)
  eden space 100864K, 100% used [0x0000000795580000,0x000000079b800000,0x000000079b800000)
  from space 512K, 25% used [0x00000007ab980000,0x00000007ab9a0000,0x00000007aba00000)
  to   space 512K, 0% used [0x00000007aba00000,0x00000007aba00000,0x00000007aba80000)
 ParOldGen       total 87552K, used 6259K [0x0000000740000000, 0x0000000745580000, 0x0000000795580000)
  object space 87552K, 7% used [0x0000000740000000,0x000000074061ce28,0x0000000745580000)
 Metaspace       used 14651K, capacity 14958K, committed 14976K, reserved 1062912K
  class space    used 1550K, capacity 1652K, committed 1664K, reserved 1048576K
Event: 43.429 GC heap after
Heap after GC invocations=90 (full 0):
 PSYoungGen      total 97792K, used 128K [0x0000000795580000, 0x00000007aba80000, 0x00000007c0000000)
  eden space 97280K, 0% used [0x0000000795580000,0x0000000795580000,0x000000079b480000)
  from space 512K, 25% used [0x00000007aba00000,0x00000007aba20000,0x00000007aba80000)
  to   space 512K, 0% used [0x00000007ab980000,0x00000007ab980000,0x00000007aba00000)
 ParOldGen       total 87552K, used 6275K [0x0000000740000000, 0x0000000745580000, 0x0000000795580000)
  object space 87552K, 7% used [0x0000000740000000,0x0000000740620e28,0x0000000745580000)
 Metaspace       used 14651K, capacity 14958K, committed 14976K, reserved 1062912K
  class space    used 1550K, capacity 1652K, committed 1664K, reserved 1048576K
}
Event: 43.781 GC heap before
{Heap before GC invocations=91 (full 0):
 PSYoungGen      total 97792K, used 97408K [0x0000000795580000, 0x00000007aba80000, 0x00000007c0000000)
  eden space 97280K, 100% used [0x0000000795580000,0x000000079b480000,0x000000079b480000)
  from space 512K, 25% used [0x00000007aba00000,0x00000007aba20000,0x00000007aba80000)
  to   space 512K, 0% used [0x00000007ab980000,0x00000007ab980000,0x00000007aba00000)
 ParOldGen       total 87552K, used 6275K [0x0000000740000000, 0x0000000745580000, 0x0000000795580000)
  object space 87552K, 7% used [0x0000000740000000,0x0000000740620e28,0x0000000745580000)
 Metaspace       used 14651K, capacity 14958K, committed 14976K, reserved 1062912K
  class space    used 1550K, capacity 1652K, committed 1664K, reserved 1048576K
Event: 43.793 GC heap after
Heap after GC invocations=91 (full 0):
 PSYoungGen      total 117248K, used 96K [0x0000000795580000, 0x00000007aba80000, 0x00000007c0000000)
  eden space 116736K, 0% used [0x0000000795580000,0x0000000795580000,0x000000079c780000)
  from space 512K, 18% used [0x00000007ab980000,0x00000007ab998000,0x00000007aba00000)
  to   space 512K, 0% used [0x00000007aba00000,0x00000007aba00000,0x00000007aba80000)
 ParOldGen       total 87552K, used 6275K [0x0000000740000000, 0x0000000745580000, 0x0000000795580000)
  object space 87552K, 7% used [0x0000000740000000,0x0000000740620e28,0x0000000745580000)
 Metaspace       used 14651K, capacity 14958K, committed 14976K, reserved 1062912K
  class space    used 1550K, capacity 1652K, committed 1664K, reserved 1048576K
}

