# JRE version: Java(TM) SE Runtime Environment (8.0_201-b09) (build 1.8.0_201-b09)
# Java VM: Java HotSpot(TM) 64-Bit Server VM (25.201-b09 mixed mode bsd-amd64 compressed oops)
Heap:
 PSYoungGen      total 61952K, used 61536K [0x0000000795580000, 0x00000007acc00000, 0x00000007c0000000)
  eden space 61440K, 100% used [0x0000000795580000,0x0000000799180000,0x0000000799180000)
  from space 512K, 18% used [0x00000007acb00000,0x00000007acb18000,0x00000007acb80000)
  to   space 512K, 0% used [0x00000007acb80000,0x00000007acb80000,0x00000007acc00000)
 ParOldGen       total 87552K, used 4076K [0x0000000740000000, 0x0000000745580000, 0x0000000795580000)
  object space 87552K, 4% used [0x0000000740000000,0x00000007403fb328,0x0000000745580000)
 Metaspace       used 14528K, capacity 14890K, committed 14976K, reserved 1062912K
  class space    used 1532K, capacity 1650K, committed 1664K, reserved 1048576K
GC Heap History (10 events):
Event: 27.659 GC heap before
{Heap before GC invocations=59 (full 0):
 PSYoungGen      total 72192K, used 71776K [0x0000000795580000, 0x00000007acc00000, 0x00000007c0000000)
  eden space 71680K, 100% used [0x0000000795580000,0x0000000799b80000,0x0000000799b80000)
  from space 512K, 18% used [0x00000007acb80000,0x00000007acb98000,0x00000007acc00000)
  to   space 512K, 0% used [0x00000007acb00000,0x00000007acb00000,0x00000007acb80000)
 ParOldGen       total 87552K, used 4012K [0x0000000740000000, 0x0000000745580000, 0x0000000795580000)
  object space 87552K, 4% used [0x0000000740000000,0x00000007403eb328,0x0000000745580000)
 Metaspace       used 14528K, capacity 14890K, committed 14976K, reserved 1062912K
  class space    used 1532K, capacity 1650K, committed 1664K, reserved 1048576K
Event: 27.660 GC heap after
Heap after GC invocations=59 (full 0):
 PSYoungGen      total 70144K, used 128K [0x0000000795580000, 0x00000007acc00000, 0x00000007c0000000)
  eden space 69632K, 0% used [0x0000000795580000,0x0000000795580000,0x0000000799980000)
  from space 512K, 25% used [0x00000007acb00000,0x00000007acb20000,0x00000007acb80000)
  to   space 512K, 0% used [0x00000007acb80000,0x00000007acb80000,0x00000007acc00000)
 ParOldGen       total 87552K, used 4020K [0x0000000740000000, 0x0000000745580000, 0x0000000795580000)
  object space 87552K, 4% used [0x0000000740000000,0x00000007403ed328,0x0000000745580000)
 Metaspace       used 14528K, capacity 14890K, committed 14976K, reserved 1062912K
  class space    used 1532K, capacity 1650K, committed 1664K, reserved 1048576K
}
Event: 28.058 GC heap before
{Heap before GC invocations=60 (full 0):
 PSYoungGen      total 70144K, used 69760K [0x0000000795580000, 0x00000007acc00000, 0x00000007c0000000)
  eden space 69632K, 100% used [0x0000000795580000,0x0000000799980000,0x0000000799980000)
  from space 512K, 25% used [0x00000007acb00000,0x00000007acb20000,0x00000007acb80000)
  to   space 512K, 0% used [0x00000007acb80000,0x00000007acb80000,0x00000007acc00000)
 ParOldGen       total 87552K, used 4020K [0x0000000740000000, 0x0000000745580000, 0x0000000795580000)
  object space 87552K, 4% used [0x0000000740000000,0x00000007403ed328,0x0000000745580000)
 Metaspace       used 14528K, capacity 14890K, committed 14976K, reserved 1062912K
  class space    used 1532K, capacity 1650K, committed 1664K, reserved 1048576K
Event: 28.058 GC heap after
Heap after GC invocations=60 (full 0):
 PSYoungGen      total 68096K, used 128K [0x0000000795580000, 0x00000007acc00000, 0x00000007c0000000)
  eden space 67584K, 0% used [0x0000000795580000,0x0000000795580000,0x0000000799780000)
  from space 512K, 25% used [0x00000007acb80000,0x00000007acba0000,0x00000007acc00000)
  to   space 512K, 0% used [0x00000007acb00000,0x00000007acb00000,0x00000007acb80000)
 ParOldGen       total 87552K, used 4036K [0x0000000740000000, 0x0000000745580000, 0x0000000795580000)
  object space 87552K, 4% used [0x0000000740000000,0x00000007403f1328,0x0000000745580000)
 Metaspace       used 14528K, capacity 14890K, committed 14976K, reserved 1062912K
  class space    used 1532K, capacity 1650K, committed 1664K, reserved 1048576K
}
Event: 28.360 GC heap before
{Heap before GC invocations=61 (full 0):
 PSYoungGen      total 68096K, used 67712K [0x0000000795580000, 0x00000007acc00000, 0x00000007c0000000)
  eden space 67584K, 100% used [0x0000000795580000,0x0000000799780000,0x0000000799780000)
  from space 512K, 25% used [0x00000007acb80000,0x00000007acba0000,0x00000007acc00000)
  to   space 512K, 0% used [0x00000007acb00000,0x00000007acb00000,0x00000007acb80000)
 ParOldGen       total 87552K, used 4036K [0x0000000740000000, 0x0000000745580000, 0x0000000795580000)
  object space 87552K, 4% used [0x0000000740000000,0x00000007403f1328,0x0000000745580000)
 Metaspace       used 14528K, capacity 14890K, committed 14976K, reserved 1062912K
  class space    used 1532K, capacity 1650K, committed 1664K, reserved 1048576K
Event: 28.361 GC heap after
Heap after GC invocations=61 (full 0):
 PSYoungGen      total 66048K, used 96K [0x0000000795580000, 0x00000007acc00000, 0x00000007c0000000)
  eden space 65536K, 0% used [0x0000000795580000,0x0000000795580000,0x0000000799580000)
  from space 512K, 18% used [0x00000007acb00000,0x00000007acb18000,0x00000007acb80000)
  to   space 512K, 0% used [0x00000007acb80000,0x00000007acb80000,0x00000007acc00000)
 ParOldGen       total 87552K, used 4052K [0x0000000740000000, 0x0000000745580000, 0x0000000795580000)
  object space 87552K, 4% used [0x0000000740000000,0x00000007403f5328,0x0000000745580000)
 Metaspace       used 14528K, capacity 14890K, committed 14976K, reserved 1062912K
  class space    used 1532K, capacity 1650K, committed 1664K, reserved 1048576K
}
Event: 28.544 GC heap before
{Heap before GC invocations=62 (full 0):
 PSYoungGen      total 66048K, used 65632K [0x0000000795580000, 0x00000007acc00000, 0x00000007c0000000)
  eden space 65536K, 100% used [0x0000000795580000,0x0000000799580000,0x0000000799580000)
  from space 512K, 18% used [0x00000007acb00000,0x00000007acb18000,0x00000007acb80000)
  to   space 512K, 0% used [0x00000007acb80000,0x00000007acb80000,0x00000007acc00000)
 ParOldGen       total 87552K, used 4052K [0x0000000740000000, 0x0000000745580000, 0x0000000795580000)
  object space 87552K, 4% used [0x0000000740000000,0x00000007403f5328,0x0000000745580000)
 Metaspace       used 14528K, capacity 14890K, committed 14976K, reserved 1062912K
  class space    used 1532K, capacity 1650K, committed 1664K, reserved 1048576K
Event: 28.545 GC heap after
Heap after GC invocations=62 (full 0):
 PSYoungGen      total 64000K, used 96K [0x0000000795580000, 0x00000007acc00000, 0x00000007c0000000)
  eden space 63488K, 0% used [0x0000000795580000,0x0000000795580000,0x0000000799380000)
  from space 512K, 18% used [0x00000007acb80000,0x00000007acb98000,0x00000007acc00000)
  to   space 512K, 0% used [0x00000007acb00000,0x00000007acb00000,0x00000007acb80000)
 ParOldGen       total 87552K, used 4060K [0x0000000740000000, 0x0000000745580000, 0x0000000795580000)
  object space 87552K, 4% used [0x0000000740000000,0x00000007403f7328,0x0000000745580000)
 Metaspace       used 14528K, capacity 14890K, committed 14976K, reserved 1062912K
  class space    used 1532K, capacity 1650K, committed 1664K, reserved 1048576K
}
Event: 28.730 GC heap before
{Heap before GC invocations=63 (full 0):
 PSYoungGen      total 64000K, used 63584K [0x0000000795580000, 0x00000007acc00000, 0x00000007c0000000)
  eden space 63488K, 100% used [0x0000000795580000,0x0000000799380000,0x0000000799380000)
  from space 512K, 18% used [0x00000007acb80000,0x00000007acb98000,0x00000007acc00000)
  to   space 512K, 0% used [0x00000007acb00000,0x00000007acb00000,0x00000007acb80000)
 ParOldGen       total 87552K, used 4060K [0x0000000740000000, 0x0000000745580000, 0x0000000795580000)
  object space 87552K, 4% used [0x0000000740000000,0x00000007403f7328,0x0000000745580000)
 Metaspace       used 14528K, capacity 14890K, committed 14976K, reserved 1062912K
  class space    used 1532K, capacity 1650K, committed 1664K, reserved 1048576K
Event: 28.731 GC heap after
Heap after GC invocations=63 (full 0):
 PSYoungGen      total 61952K, used 96K [0x0000000795580000, 0x00000007acc00000, 0x00000007c0000000)
  eden space 61440K, 0% used [0x0000000795580000,0x0000000795580000,0x0000000799180000)
  from space 512K, 18% used [0x00000007acb00000,0x00000007acb18000,0x00000007acb80000)
  to   space 512K, 0% used [0x00000007acb80000,0x00000007acb80000,0x00000007acc00000)
 ParOldGen       total 87552K, used 4076K [0x0000000740000000, 0x0000000745580000, 0x0000000795580000)
  object space 87552K, 4% used [0x0000000740000000,0x00000007403fb328,0x0000000745580000)
 Metaspace       used 14528K, capacity 14890K, committed 14976K, reserved 1062912K
  class space    used 1532K, capacity 1650K, committed 1664K, reserved 1048576K
}

